Building DAG of jobs...
Using shell: /bin/bash
Provided cores: 4
Rules claiming more threads will be scaled down.
Job stats:
job        count    min threads    max threads
-------  -------  -------------  -------------
all            1              1              1
silicon        2              1              1
trim           2              1              1
total          5              1              1

Select jobs to execute...

[Sun Dec 12 15:20:33 2021]
rule silicon:
    input: supplementary.txt
    output: supplementary.temp.png
    jobid: 4
    wildcards: alignment=supplementary
    resources: tmpdir=/var/folders/03/vd5mdrh57cl6cj3qcm73qy5r0000gn/T


[Sun Dec 12 15:20:33 2021]
rule silicon:
    input: secondary.txt
    output: secondary.temp.png
    jobid: 2
    wildcards: alignment=secondary
    resources: tmpdir=/var/folders/03/vd5mdrh57cl6cj3qcm73qy5r0000gn/T

[Sun Dec 12 15:20:33 2021]
Finished job 2.
1 of 5 steps (20%) done
[Sun Dec 12 15:20:33 2021]
Finished job 4.
2 of 5 steps (40%) done
Select jobs to execute...

[Sun Dec 12 15:20:33 2021]
rule trim:
    input: supplementary.temp.png
    output: supplementary.png
    jobid: 3
    wildcards: alignment=supplementary
    resources: tmpdir=/var/folders/03/vd5mdrh57cl6cj3qcm73qy5r0000gn/T


[Sun Dec 12 15:20:33 2021]
rule trim:
    input: secondary.temp.png
    output: secondary.png
    jobid: 1
    wildcards: alignment=secondary
    resources: tmpdir=/var/folders/03/vd5mdrh57cl6cj3qcm73qy5r0000gn/T

Removing temporary output file secondary.temp.png.
[Sun Dec 12 15:20:33 2021]
Finished job 1.
3 of 5 steps (60%) done
Removing temporary output file supplementary.temp.png.
[Sun Dec 12 15:20:33 2021]
Finished job 3.
4 of 5 steps (80%) done
Select jobs to execute...

[Sun Dec 12 15:20:33 2021]
localrule all:
    input: secondary.png, supplementary.png
    jobid: 0
    resources: tmpdir=/var/folders/03/vd5mdrh57cl6cj3qcm73qy5r0000gn/T

[Sun Dec 12 15:20:33 2021]
Finished job 0.
5 of 5 steps (100%) done
Complete log: /Users/James/GitHub/samtools-lesson/images/terminology/.snakemake/log/2021-12-12T152032.775353.snakemake.log
